<?xml version="1.0" encoding="UTF-8"?>
<testng-results ignored="0" total="1" passed="1" failed="0" skipped="0">
  <reporter-output>
  </reporter-output>
  <suite started-at="2024-06-05T18:03:55 WAT" name="Default suite" finished-at="2024-06-05T18:04:20 WAT" duration-ms="25115">
    <groups>
    </groups>
    <test started-at="2024-06-05T18:03:55 WAT" name="Default test" finished-at="2024-06-05T18:04:20 WAT" duration-ms="25115">
      <class name="baseClass.baseClass">
        <test-method signature="AppiumTest()[pri:0, instance:baseClass.baseClass@3e11f9e9]" started-at="2024-06-05T18:03:55 WAT" name="AppiumTest" finished-at="2024-06-05T18:04:20 WAT" duration-ms="24967" status="PASS">
          <reporter-output>
          </reporter-output>
        </test-method> <!-- AppiumTest -->
      </class> <!-- baseClass.baseClass -->
    </test> <!-- Default test -->
  </suite> <!-- Default suite -->
</testng-results>
