<?xml version="1.0" encoding="UTF-8"?>
<testng-results ignored="0" total="1" passed="1" failed="0" skipped="0">
  <reporter-output>
  </reporter-output>
  <suite started-at="2024-06-05T17:43:43 WAT" name="Default suite" finished-at="2024-06-05T17:44:02 WAT" duration-ms="18990">
    <groups>
    </groups>
    <test started-at="2024-06-05T17:43:43 WAT" name="Default test" finished-at="2024-06-05T17:44:02 WAT" duration-ms="18990">
      <class name="baseClass.AppiumBasics">
        <test-method signature="AppiumTest()[pri:0, instance:baseClass.AppiumBasics@3e11f9e9]" started-at="2024-06-05T17:43:43 WAT" name="AppiumTest" finished-at="2024-06-05T17:44:02 WAT" duration-ms="18911" status="PASS">
          <reporter-output>
          </reporter-output>
        </test-method> <!-- AppiumTest -->
      </class> <!-- baseClass.AppiumBasics -->
    </test> <!-- Default test -->
  </suite> <!-- Default suite -->
</testng-results>
